2025-11-18 00:16:58,762 - INFO - Modo leve: FPS=30
2025-11-18 00:16:58,762 - INFO - Modo leve: FPS=30
2025-11-18 00:16:58,762 - INFO - Modo leve: FPS=30
2025-11-18 00:16:58,764 - INFO - Interface inicializada: 800x600, 2 ambientes paralelos
2025-11-18 00:16:58,764 - INFO - Interface inicializada: 800x600, 2 ambientes paralelos
2025-11-18 00:16:58,764 - INFO - Interface inicializada: 800x600, 2 ambientes paralelos
2025-11-18 00:21:30,818 - INFO - Modo leve: FPS=30
2025-11-18 00:21:30,818 - INFO - Modo leve: FPS=30
2025-11-18 00:21:30,819 - INFO - Interface inicializada: 1280x720, 1 ambientes paralelos
2025-11-18 00:21:30,819 - INFO - Interface inicializada: 1280x720, 1 ambientes paralelos
2025-11-20 01:18:38,702 - INFO - Recompensa média nos últimos 1000 passos: [11.930626]
2025-11-20 01:18:38,702 - INFO - Recompensa média nos últimos 1000 passos: [11.930626]
2025-11-20 01:18:54,314 - INFO - Recompensa média nos últimos 1000 passos: [29.348421]
2025-11-20 01:18:54,314 - INFO - Recompensa média nos últimos 1000 passos: [29.348421]
2025-11-20 01:19:08,757 - INFO - Recompensa média nos últimos 1000 passos: [36.774902]
2025-11-20 01:19:08,757 - INFO - Recompensa média nos últimos 1000 passos: [36.774902]
2025-11-20 01:19:22,642 - INFO - Recompensa média nos últimos 1000 passos: [35.652817]
2025-11-20 01:19:22,642 - INFO - Recompensa média nos últimos 1000 passos: [35.652817]
2025-11-20 01:19:34,845 - INFO - Recompensa média nos últimos 1000 passos: [36.675663]
2025-11-20 01:19:34,845 - INFO - Recompensa média nos últimos 1000 passos: [36.675663]
2025-11-20 01:20:21,782 - INFO - Recompensa média nos últimos 1000 passos: [11.758396]
2025-11-20 01:20:21,782 - INFO - Recompensa média nos últimos 1000 passos: [11.758396]
2025-11-20 01:20:31,519 - INFO - Recompensa média nos últimos 1000 passos: [27.534552]
2025-11-20 01:20:31,519 - INFO - Recompensa média nos últimos 1000 passos: [27.534552]
2025-11-20 01:20:41,266 - INFO - Recompensa média nos últimos 1000 passos: [35.06089]
2025-11-20 01:20:41,266 - INFO - Recompensa média nos últimos 1000 passos: [35.06089]
2025-11-20 01:20:52,205 - INFO - Recompensa média nos últimos 1000 passos: [36.085815]
2025-11-20 01:20:52,205 - INFO - Recompensa média nos últimos 1000 passos: [36.085815]
2025-11-20 01:21:04,271 - INFO - Recompensa média nos últimos 1000 passos: [35.51955]
2025-11-20 01:21:04,271 - INFO - Recompensa média nos últimos 1000 passos: [35.51955]
2025-11-20 01:21:55,984 - INFO - Recompensa média nos últimos 1000 passos: [7.626728]
2025-11-20 01:21:55,984 - INFO - Recompensa média nos últimos 1000 passos: [7.626728]
2025-11-20 01:22:06,868 - INFO - Recompensa média nos últimos 1000 passos: [27.872564]
2025-11-20 01:22:06,868 - INFO - Recompensa média nos últimos 1000 passos: [27.872564]
2025-11-20 01:22:17,928 - INFO - Recompensa média nos últimos 1000 passos: [35.12852]
2025-11-20 01:22:17,928 - INFO - Recompensa média nos últimos 1000 passos: [35.12852]
2025-11-20 01:22:29,380 - INFO - Recompensa média nos últimos 1000 passos: [34.526733]
2025-11-20 01:22:29,380 - INFO - Recompensa média nos últimos 1000 passos: [34.526733]
2025-11-20 01:22:40,093 - INFO - Recompensa média nos últimos 1000 passos: [35.34825]
2025-11-20 01:22:40,093 - INFO - Recompensa média nos últimos 1000 passos: [35.34825]
2025-11-20 02:25:00,888 - INFO - Modo leve: FPS=30
2025-11-20 02:25:00,888 - INFO - Modo leve: FPS=30
2025-11-20 02:25:00,888 - INFO - Modo leve: FPS=30
2025-11-20 02:25:00,888 - INFO - Modo leve: FPS=30
2025-11-20 02:25:00,980 - INFO - Interface inicializada: 800x600, 4 ambientes paralelos
2025-11-20 02:25:00,980 - INFO - Interface inicializada: 800x600, 4 ambientes paralelos
2025-11-20 02:25:00,980 - INFO - Interface inicializada: 800x600, 4 ambientes paralelos
2025-11-20 02:25:00,980 - INFO - Interface inicializada: 800x600, 4 ambientes paralelos
2025-11-20 02:25:07,185 - DEBUG - Estado: selecao_agente
2025-11-20 02:25:07,185 - DEBUG - Estado: selecao_agente
2025-11-20 02:25:07,185 - DEBUG - Estado: selecao_agente
2025-11-20 02:25:07,185 - DEBUG - Estado: selecao_agente
2025-11-20 02:25:10,423 - DEBUG - Estado: selecao_mapa
2025-11-20 02:25:10,423 - DEBUG - Estado: selecao_mapa
2025-11-20 02:25:10,423 - DEBUG - Estado: selecao_mapa
2025-11-20 02:25:10,423 - DEBUG - Estado: selecao_mapa
2025-11-20 02:25:12,793 - DEBUG - Estado: simulacao
2025-11-20 02:25:12,793 - DEBUG - Estado: simulacao
2025-11-20 02:25:12,793 - DEBUG - Estado: simulacao
2025-11-20 02:25:12,793 - DEBUG - Estado: simulacao
2025-11-20 02:25:13,060 - INFO - Modo leve: FPS=30
2025-11-20 02:25:13,060 - INFO - Modo leve: FPS=30
2025-11-20 02:25:13,060 - INFO - Modo leve: FPS=30
2025-11-20 02:25:13,060 - INFO - Modo leve: FPS=30
2025-11-20 02:25:13,062 - INFO - Interface inicializada: 800x600, 4 ambientes paralelos
2025-11-20 02:25:13,062 - INFO - Interface inicializada: 800x600, 4 ambientes paralelos
2025-11-20 02:25:13,062 - INFO - Interface inicializada: 800x600, 4 ambientes paralelos
2025-11-20 02:25:13,062 - INFO - Interface inicializada: 800x600, 4 ambientes paralelos
2025-11-20 02:25:17,347 - DEBUG - Estado: selecao_agente
2025-11-20 02:25:17,347 - DEBUG - Estado: selecao_agente
2025-11-20 02:25:17,347 - DEBUG - Estado: selecao_agente
2025-11-20 02:25:17,347 - DEBUG - Estado: selecao_agente
2025-11-20 02:25:18,519 - DEBUG - Estado: selecao_mapa
2025-11-20 02:25:18,519 - DEBUG - Estado: selecao_mapa
2025-11-20 02:25:18,519 - DEBUG - Estado: selecao_mapa
2025-11-20 02:25:18,519 - DEBUG - Estado: selecao_mapa
2025-11-20 02:25:19,338 - DEBUG - Estado: simulacao
2025-11-20 02:25:19,338 - DEBUG - Estado: simulacao
2025-11-20 02:25:19,338 - DEBUG - Estado: simulacao
2025-11-20 02:25:19,338 - DEBUG - Estado: simulacao
2025-11-20 02:25:19,564 - INFO - Modo leve: FPS=30
2025-11-20 02:25:19,564 - INFO - Modo leve: FPS=30
2025-11-20 02:25:19,564 - INFO - Modo leve: FPS=30
2025-11-20 02:25:19,564 - INFO - Modo leve: FPS=30
2025-11-20 02:25:19,566 - INFO - Interface inicializada: 800x600, 4 ambientes paralelos
2025-11-20 02:25:19,566 - INFO - Interface inicializada: 800x600, 4 ambientes paralelos
2025-11-20 02:25:19,566 - INFO - Interface inicializada: 800x600, 4 ambientes paralelos
2025-11-20 02:25:19,566 - INFO - Interface inicializada: 800x600, 4 ambientes paralelos
2025-11-20 02:25:22,236 - DEBUG - Estado: selecao_agente
2025-11-20 02:25:22,236 - DEBUG - Estado: selecao_agente
2025-11-20 02:25:22,236 - DEBUG - Estado: selecao_agente
2025-11-20 02:25:22,236 - DEBUG - Estado: selecao_agente
2025-11-20 02:25:22,863 - DEBUG - Estado: selecao_mapa
2025-11-20 02:25:22,863 - DEBUG - Estado: selecao_mapa
2025-11-20 02:25:22,863 - DEBUG - Estado: selecao_mapa
2025-11-20 02:25:22,863 - DEBUG - Estado: selecao_mapa
2025-11-20 02:25:24,346 - DEBUG - Estado: simulacao
2025-11-20 02:25:24,346 - DEBUG - Estado: simulacao
2025-11-20 02:25:24,346 - DEBUG - Estado: simulacao
2025-11-20 02:25:24,346 - DEBUG - Estado: simulacao
2025-11-20 02:25:24,584 - INFO - Modo leve: FPS=30
2025-11-20 02:25:24,584 - INFO - Modo leve: FPS=30
2025-11-20 02:25:24,584 - INFO - Modo leve: FPS=30
2025-11-20 02:25:24,584 - INFO - Modo leve: FPS=30
2025-11-20 02:25:24,585 - INFO - Interface inicializada: 800x600, 4 ambientes paralelos
2025-11-20 02:25:24,585 - INFO - Interface inicializada: 800x600, 4 ambientes paralelos
2025-11-20 02:25:24,585 - INFO - Interface inicializada: 800x600, 4 ambientes paralelos
2025-11-20 02:25:24,585 - INFO - Interface inicializada: 800x600, 4 ambientes paralelos
2025-11-20 02:25:25,845 - DEBUG - Estado: selecao_agente
2025-11-20 02:25:25,845 - DEBUG - Estado: selecao_agente
2025-11-20 02:25:25,845 - DEBUG - Estado: selecao_agente
2025-11-20 02:25:25,845 - DEBUG - Estado: selecao_agente
2025-11-20 02:25:26,538 - DEBUG - Estado: selecao_mapa
2025-11-20 02:25:26,538 - DEBUG - Estado: selecao_mapa
2025-11-20 02:25:26,538 - DEBUG - Estado: selecao_mapa
2025-11-20 02:25:26,538 - DEBUG - Estado: selecao_mapa
2025-11-20 02:25:27,405 - DEBUG - Estado: simulacao
2025-11-20 02:25:27,405 - DEBUG - Estado: simulacao
2025-11-20 02:25:27,405 - DEBUG - Estado: simulacao
2025-11-20 02:25:27,405 - DEBUG - Estado: simulacao
2025-11-20 02:25:27,659 - INFO - Modo leve: FPS=30
2025-11-20 02:25:27,659 - INFO - Modo leve: FPS=30
2025-11-20 02:25:27,659 - INFO - Modo leve: FPS=30
2025-11-20 02:25:27,659 - INFO - Modo leve: FPS=30
2025-11-20 02:25:27,660 - INFO - Interface inicializada: 800x600, 4 ambientes paralelos
2025-11-20 02:25:27,660 - INFO - Interface inicializada: 800x600, 4 ambientes paralelos
2025-11-20 02:25:27,660 - INFO - Interface inicializada: 800x600, 4 ambientes paralelos
2025-11-20 02:25:27,660 - INFO - Interface inicializada: 800x600, 4 ambientes paralelos
